<?xml version="1.0" encoding="UTF-8"?>
<testng-results ignored="0" total="1" passed="1" failed="0" skipped="0">
  <reporter-output>
  </reporter-output>
  <suite started-at="2024-11-25T10:05:12 CET" name="Surefire suite" finished-at="2024-11-25T10:05:19 CET" duration-ms="6673">
    <groups>
      <group name="Smoke">
        <method signature="LoginTest.validLoginTest(java.lang.String,java.lang.String)[pri:0, instance:testcases.LoginTest@1b6e1eff]" name="validLoginTest" class="testcases.LoginTest"/>
      </group> <!-- Smoke -->
    </groups>
    <test started-at="2024-11-25T10:05:12 CET" name="Surefire test" finished-at="2024-11-25T10:05:19 CET" duration-ms="6673">
      <class name="testcases.LoginTest">
        <test-method is-config="true" signature="setupBrowser()[pri:0, instance:testcases.LoginTest@1b6e1eff]" started-at="2024-11-25T10:05:12 CET" name="setupBrowser" finished-at="2024-11-25T10:05:14 CET" duration-ms="1504" status="PASS">
          <reporter-output>
          </reporter-output>
        </test-method> <!-- setupBrowser -->
        <test-method signature="validLoginTest(java.lang.String,java.lang.String)[pri:0, instance:testcases.LoginTest@1b6e1eff]" started-at="2024-11-25T10:05:14 CET" name="validLoginTest" description="This test will verify valid login scenario" data-provider="login" finished-at="2024-11-25T10:05:19 CET" duration-ms="4447" status="PASS">
          <params>
            <param index="0">
              <value>
                <![CDATA[admin@email.com]]>
              </value>
            </param>
            <param index="1">
              <value>
                <![CDATA[admin@123]]>
              </value>
            </param>
          </params>
          <reporter-output>
          </reporter-output>
        </test-method> <!-- validLoginTest -->
        <test-method is-config="true" signature="tearDown()[pri:0, instance:testcases.LoginTest@1b6e1eff]" started-at="2024-11-25T10:05:19 CET" name="tearDown" finished-at="2024-11-25T10:05:19 CET" duration-ms="141" status="PASS">
          <reporter-output>
          </reporter-output>
        </test-method> <!-- tearDown -->
      </class> <!-- testcases.LoginTest -->
    </test> <!-- Surefire test -->
  </suite> <!-- Surefire suite -->
</testng-results>
